<?xml version="1.0" encoding="UTF-8"?>
<!-- Generated by org.testng.reporters.JUnitReportReporter -->
<testsuite skipped="0" hostname="DONTV4-OS36" name="testQuanLyHoGiaDinh.TestThemMoiHoKhau" tests="2" failures="0" timestamp="27 Jun 2017 08:37:14 GMT" time="57.861" errors="0">
  <testcase name="themMoiHoKhau" time="27.045" classname="testQuanLyHoGiaDinh.TestThemMoiHoKhau"/>
  <testcase name="themMoiNhanKhau" time="30.816" classname="testQuanLyHoGiaDinh.TestThemMoiHoKhau"/>
</testsuite> <!-- testQuanLyHoGiaDinh.TestThemMoiHoKhau -->
