<?xml version="1.0" encoding="UTF-8"?>
<!-- Generated by org.testng.reporters.JUnitReportReporter -->
<testsuite skipped="0" hostname="DONTV4-OS36" name="testQuanLyHoSoSucKhoe.TestLapHoSoSucKhoe" tests="1" failures="0" timestamp="23 Jun 2017 10:06:17 GMT" time="13.442" errors="0">
  <testcase name="lapHoSoSK" time="13.442" classname="testQuanLyHoSoSucKhoe.TestLapHoSoSucKhoe"/>
</testsuite> <!-- testQuanLyHoSoSucKhoe.TestLapHoSoSucKhoe -->
