<?xml version="1.0" encoding="UTF-8"?>
<!-- Generated by org.testng.reporters.JUnitReportReporter -->
<testsuite skipped="0" hostname="DONTV4-OS36" name="testng.testEmail" tests="1" failures="0" timestamp="12 Jun 2017 09:40:57 GMT" time="29.678" errors="0">
  <testcase name="testEmail" time="29.678" classname="testng.testEmail"/>
</testsuite> <!-- testng.testEmail -->
