<?xml version="1.0" encoding="UTF-8"?>
<!-- Generated by org.testng.reporters.JUnitReportReporter -->
<testsuite skipped="0" hostname="DONTV4-OS36" name="testng.testHoTenBo" tests="1" failures="0" timestamp="26 Jun 2017 09:38:04 GMT" time="31.011" errors="0">
  <testcase name="hoTenBo" time="31.011" classname="testng.testHoTenBo"/>
</testsuite> <!-- testng.testHoTenBo -->
