<?xml version="1.0" encoding="UTF-8"?>
<!-- Generated by org.testng.reporters.JUnitReportReporter -->
<testsuite skipped="0" hostname="DONTV4-OS36" name="Maven.ProjectHospital.testNgaySinh" tests="1" failures="0" timestamp="08 Jun 2017 03:03:59 GMT" time="10.234" errors="0">
  <testcase name="testNgaySinh" time="10.234" classname="Maven.ProjectHospital.testNgaySinh"/>
</testsuite> <!-- Maven.ProjectHospital.testNgaySinh -->
