<?xml version="1.0" encoding="UTF-8"?>
<!-- Generated by org.testng.reporters.JUnitReportReporter -->
<testsuite skipped="0" hostname="DONTV4-OS36" name="testng.TestThemMoiHoKhau" tests="2" failures="0" timestamp="21 Jun 2017 09:50:57 GMT" time="57.735" errors="0">
  <testcase name="themMoiHoKhau" time="27.402" classname="testng.TestThemMoiHoKhau"/>
  <testcase name="themMoiNhanKhau" time="30.333" classname="testng.TestThemMoiHoKhau"/>
</testsuite> <!-- testng.TestThemMoiHoKhau -->
