<?xml version="1.0" encoding="UTF-8"?>
<!-- Generated by org.testng.reporters.JUnitReportReporter -->
<testsuite skipped="0" hostname="DONTV4-OS36" name="testQuanLyHoSoSucKhoe.TestLichSuKhamBenh" tests="2" failures="0" timestamp="23 Jun 2017 10:08:29 GMT" time="18.185" errors="0">
  <testcase name="lichSuKham" time="12.243" classname="testQuanLyHoSoSucKhoe.TestLichSuKhamBenh"/>
  <testcase name="soSanhLichSuKham" time="5.942" classname="testQuanLyHoSoSucKhoe.TestLichSuKhamBenh"/>
</testsuite> <!-- testQuanLyHoSoSucKhoe.TestLichSuKhamBenh -->
