<?xml version="1.0" encoding="UTF-8"?>
<!-- Generated by org.testng.reporters.JUnitReportReporter -->
<testsuite skipped="0" hostname="DONTV4-OS36" name="testng.testThemMoiNhanKhau" tests="1" failures="0" timestamp="21 Jun 2017 02:09:50 GMT" time="25.398" errors="0">
  <testcase name="themMoiNhanKhau4" time="25.398" classname="testng.testThemMoiNhanKhau"/>
</testsuite> <!-- testng.testThemMoiNhanKhau -->
