<?xml version="1.0" encoding="UTF-8"?>
<!-- Generated by org.testng.reporters.JUnitReportReporter -->
<testsuite skipped="0" hostname="DONTV4-OS36" name="testng.TestThemNKVaoHK" tests="1" failures="0" timestamp="21 Jun 2017 10:00:13 GMT" time="28.961" errors="0">
  <testcase name="themNK" time="28.961" classname="testng.TestThemNKVaoHK"/>
</testsuite> <!-- testng.TestThemNKVaoHK -->
