<?xml version="1.0" encoding="UTF-8"?>
<!-- Generated by org.testng.reporters.JUnitReportReporter -->
<testsuite skipped="0" hostname="DONTV4-OS36" name="testng.testTrangThai" tests="2" failures="0" timestamp="15 Jun 2017 02:06:29 GMT" time="9.501" errors="0">
  <testcase name="trangThai01" time="1.866" classname="testng.testTrangThai"/>
  <testcase name="trangThai02" time="7.635" classname="testng.testTrangThai"/>
</testsuite> <!-- testng.testTrangThai -->
