<?xml version="1.0" encoding="UTF-8"?>
<!-- Generated by org.testng.reporters.JUnitReportReporter -->
<testsuite skipped="0" hostname="DONTV4-OS36" name="Maven.ProjectHospital.NewTest" tests="1" failures="0" timestamp="07 Jun 2017 10:29:20 GMT" time="14.981" errors="0">
  <testcase name="nhapNgSinh" time="14.981" classname="Maven.ProjectHospital.NewTest"/>
</testsuite> <!-- Maven.ProjectHospital.NewTest -->
