<?xml version="1.0" encoding="UTF-8"?>
<!-- Generated by org.testng.reporters.JUnitReportReporter -->
<testsuite skipped="0" hostname="DONTV4-OS36" name="testng.TestMaYTCN" tests="4" failures="0" timestamp="26 Jun 2017 09:34:17 GMT" time="40.575" errors="0">
  <testcase name="nhapMaYTCN1KTu" time="7.799" classname="testng.TestMaYTCN"/>
  <testcase name="nhapMaYTCN14KTu" time="14.582" classname="testng.TestMaYTCN"/>
  <testcase name="nhapMaYTCNBoTrong" time="9.640" classname="testng.TestMaYTCN"/>
  <testcase name="nhapMaYTCNValid" time="8.554" classname="testng.TestMaYTCN"/>
</testsuite> <!-- testng.TestMaYTCN -->
